make --dry-run --always-make --keep-going --print-directory
make: Entering directory '/home/jose/deal-II/FEM-course/_49d1502fdaafe8caa95621a812dd7fe8_CA4_template'
/usr/bin/cmake -S/home/share/FEM-course/_49d1502fdaafe8caa95621a812dd7fe8_CA4_template -B/home/share/FEM-course/_49d1502fdaafe8caa95621a812dd7fe8_CA4_template --check-build-system CMakeFiles/Makefile.cmake 0
/usr/bin/cmake -E cmake_progress_start /home/share/FEM-course/_49d1502fdaafe8caa95621a812dd7fe8_CA4_template/CMakeFiles /home/share/FEM-course/_49d1502fdaafe8caa95621a812dd7fe8_CA4_template/CMakeFiles/progress.marks
make -f CMakeFiles/Makefile2 all
make[1]: Entering directory '/home/jose/deal-II/FEM-course/_49d1502fdaafe8caa95621a812dd7fe8_CA4_template'
make -f CMakeFiles/main4.dir/build.make CMakeFiles/main4.dir/depend
make[2]: Entering directory '/home/jose/deal-II/FEM-course/_49d1502fdaafe8caa95621a812dd7fe8_CA4_template'
cd /home/share/FEM-course/_49d1502fdaafe8caa95621a812dd7fe8_CA4_template && /usr/bin/cmake -E cmake_depends "Unix Makefiles" /home/share/FEM-course/_49d1502fdaafe8caa95621a812dd7fe8_CA4_template /home/share/FEM-course/_49d1502fdaafe8caa95621a812dd7fe8_CA4_template /home/share/FEM-course/_49d1502fdaafe8caa95621a812dd7fe8_CA4_template /home/share/FEM-course/_49d1502fdaafe8caa95621a812dd7fe8_CA4_template /home/share/FEM-course/_49d1502fdaafe8caa95621a812dd7fe8_CA4_template/CMakeFiles/main4.dir/DependInfo.cmake --color=
make[2]: Leaving directory '/home/jose/deal-II/FEM-course/_49d1502fdaafe8caa95621a812dd7fe8_CA4_template'
make -f CMakeFiles/main4.dir/build.make CMakeFiles/main4.dir/build
make[2]: Entering directory '/home/jose/deal-II/FEM-course/_49d1502fdaafe8caa95621a812dd7fe8_CA4_template'
 
make[2]: *** No rule to make target '/usr/include/hdf5/openmpi/H5ACpublic.h', needed by 'CMakeFiles/main4.dir/main4.cc.o'.
make[2]: *** No rule to make target '/usr/include/hdf5/openmpi/H5Apublic.h', needed by 'CMakeFiles/main4.dir/main4.cc.o'.
make[2]: *** No rule to make target '/usr/include/hdf5/openmpi/H5Cpublic.h', needed by 'CMakeFiles/main4.dir/main4.cc.o'.
make[2]: *** No rule to make target '/usr/include/hdf5/openmpi/H5Dpublic.h', needed by 'CMakeFiles/main4.dir/main4.cc.o'.
make[2]: *** No rule to make target '/usr/include/hdf5/openmpi/H5Epubgen.h', needed by 'CMakeFiles/main4.dir/main4.cc.o'.
make[2]: *** No rule to make target '/usr/include/hdf5/openmpi/H5Epublic.h', needed by 'CMakeFiles/main4.dir/main4.cc.o'.
make[2]: *** No rule to make target '/usr/include/hdf5/openmpi/H5FDcore.h', needed by 'CMakeFiles/main4.dir/main4.cc.o'.
make[2]: *** No rule to make target '/usr/include/hdf5/openmpi/H5FDdirect.h', needed by 'CMakeFiles/main4.dir/main4.cc.o'.
make[2]: *** No rule to make target '/usr/include/hdf5/openmpi/H5FDfamily.h', needed by 'CMakeFiles/main4.dir/main4.cc.o'.
make[2]: *** No rule to make target '/usr/include/hdf5/openmpi/H5FDlog.h', needed by 'CMakeFiles/main4.dir/main4.cc.o'.
make[2]: *** No rule to make target '/usr/include/hdf5/openmpi/H5FDmpi.h', needed by 'CMakeFiles/main4.dir/main4.cc.o'.
make[2]: *** No rule to make target '/usr/include/hdf5/openmpi/H5FDmpio.h', needed by 'CMakeFiles/main4.dir/main4.cc.o'.
make[2]: *** No rule to make target '/usr/include/hdf5/openmpi/H5FDmulti.h', needed by 'CMakeFiles/main4.dir/main4.cc.o'.
make[2]: *** No rule to make target '/usr/include/hdf5/openmpi/H5FDpublic.h', needed by 'CMakeFiles/main4.dir/main4.cc.o'.
make[2]: *** No rule to make target '/usr/include/hdf5/openmpi/H5FDsec2.h', needed by 'CMakeFiles/main4.dir/main4.cc.o'.
make[2]: *** No rule to make target '/usr/include/hdf5/openmpi/H5FDstdio.h', needed by 'CMakeFiles/main4.dir/main4.cc.o'.
make[2]: *** No rule to make target '/usr/include/hdf5/openmpi/H5Fpublic.h', needed by 'CMakeFiles/main4.dir/main4.cc.o'.
make[2]: *** No rule to make target '/usr/include/hdf5/openmpi/H5Gpublic.h', needed by 'CMakeFiles/main4.dir/main4.cc.o'.
make[2]: *** No rule to make target '/usr/include/hdf5/openmpi/H5Ipublic.h', needed by 'CMakeFiles/main4.dir/main4.cc.o'.
make[2]: *** No rule to make target '/usr/include/hdf5/openmpi/H5Lpublic.h', needed by 'CMakeFiles/main4.dir/main4.cc.o'.
make[2]: *** No rule to make target '/usr/include/hdf5/openmpi/H5MMpublic.h', needed by 'CMakeFiles/main4.dir/main4.cc.o'.
make[2]: *** No rule to make target '/usr/include/hdf5/openmpi/H5Opublic.h', needed by 'CMakeFiles/main4.dir/main4.cc.o'.
make[2]: *** No rule to make target '/usr/include/hdf5/openmpi/H5PLpublic.h', needed by 'CMakeFiles/main4.dir/main4.cc.o'.
make[2]: *** No rule to make target '/usr/include/hdf5/openmpi/H5Ppublic.h', needed by 'CMakeFiles/main4.dir/main4.cc.o'.
make[2]: *** No rule to make target '/usr/include/hdf5/openmpi/H5Rpublic.h', needed by 'CMakeFiles/main4.dir/main4.cc.o'.
make[2]: *** No rule to make target '/usr/include/hdf5/openmpi/H5Spublic.h', needed by 'CMakeFiles/main4.dir/main4.cc.o'.
make[2]: *** No rule to make target '/usr/include/hdf5/openmpi/H5Tpublic.h', needed by 'CMakeFiles/main4.dir/main4.cc.o'.
make[2]: *** No rule to make target '/usr/include/hdf5/openmpi/H5Zpublic.h', needed by 'CMakeFiles/main4.dir/main4.cc.o'.
make[2]: *** No rule to make target '/usr/include/hdf5/openmpi/H5api_adpt.h', needed by 'CMakeFiles/main4.dir/main4.cc.o'.
make[2]: *** No rule to make target '/usr/include/hdf5/openmpi/H5pubconf.h', needed by 'CMakeFiles/main4.dir/main4.cc.o'.
make[2]: *** No rule to make target '/usr/include/hdf5/openmpi/H5public.h', needed by 'CMakeFiles/main4.dir/main4.cc.o'.
make[2]: *** No rule to make target '/usr/include/hdf5/openmpi/H5version.h', needed by 'CMakeFiles/main4.dir/main4.cc.o'.
make[2]: *** No rule to make target '/usr/include/hdf5/openmpi/hdf5.h', needed by 'CMakeFiles/main4.dir/main4.cc.o'.

make[2]: Leaving directory '/home/jose/deal-II/FEM-course/_49d1502fdaafe8caa95621a812dd7fe8_CA4_template'
make[1]: Leaving directory '/home/jose/deal-II/FEM-course/_49d1502fdaafe8caa95621a812dd7fe8_CA4_template'
make: Leaving directory '/home/jose/deal-II/FEM-course/_49d1502fdaafe8caa95621a812dd7fe8_CA4_template'
 
make[2]: *** No rule to make target '/usr/lib/x86_64-linux-gnu/libdeal.ii.g.so.9.3.0', needed by 'main4'.
make[2]: *** No rule to make target '/usr/lib/x86_64-linux-gnu/libtrilinos_pike-blackbox.so', needed by 'main4'.
make[2]: *** No rule to make target '/usr/lib/x86_64-linux-gnu/libtrilinos_trilinoscouplings.so', needed by 'main4'.
make[2]: *** No rule to make target '/usr/lib/x86_64-linux-gnu/libtrilinos_piro.so', needed by 'main4'.
make[2]: *** No rule to make target '/usr/lib/x86_64-linux-gnu/libtrilinos_rol.so', needed by 'main4'.
make[2]: *** No rule to make target '/usr/lib/x86_64-linux-gnu/libtrilinos_stokhos_muelu.so', needed by 'main4'.
make[2]: *** No rule to make target '/usr/lib/x86_64-linux-gnu/libtrilinos_stokhos_ifpack2.so', needed by 'main4'.
make[2]: *** No rule to make target '/usr/lib/x86_64-linux-gnu/libtrilinos_stokhos_amesos2.so', needed by 'main4'.
make[2]: *** No rule to make target '/usr/lib/x86_64-linux-gnu/libtrilinos_stokhos_tpetra.so', needed by 'main4'.
make[2]: *** No rule to make target '/usr/lib/x86_64-linux-gnu/libtrilinos_stokhos_sacado.so', needed by 'main4'.
make[2]: *** No rule to make target '/usr/lib/x86_64-linux-gnu/libtrilinos_stokhos.so', needed by 'main4'.
make[2]: *** No rule to make target '/usr/lib/x86_64-linux-gnu/libtrilinos_rythmos.so', needed by 'main4'.
make[2]: *** No rule to make target '/usr/lib/x86_64-linux-gnu/libtrilinos_shylu_ddcommon.so', needed by 'main4'.
make[2]: *** No rule to make target '/usr/lib/x86_64-linux-gnu/libtrilinos_shylu_ddfrosch.so', needed by 'main4'.
make[2]: *** No rule to make target '/usr/lib/x86_64-linux-gnu/libtrilinos_muelu-adapters.so', needed by 'main4'.
make[2]: *** No rule to make target '/usr/lib/x86_64-linux-gnu/libtrilinos_muelu-interface.so', needed by 'main4'.
make[2]: *** No rule to make target '/usr/lib/x86_64-linux-gnu/libtrilinos_muelu.so', needed by 'main4'.
make[2]: *** No rule to make target '/usr/lib/x86_64-linux-gnu/libtrilinos_moertel.so', needed by 'main4'.
make[2]: *** No rule to make target '/usr/lib/x86_64-linux-gnu/libtrilinos_locathyra.so', needed by 'main4'.
make[2]: *** No rule to make target '/usr/lib/x86_64-linux-gnu/libtrilinos_locaepetra.so', needed by 'main4'.
make[2]: *** No rule to make target '/usr/lib/x86_64-linux-gnu/libtrilinos_localapack.so', needed by 'main4'.
make[2]: *** No rule to make target '/usr/lib/x86_64-linux-gnu/libtrilinos_loca.so', needed by 'main4'.
make[2]: *** No rule to make target '/usr/lib/x86_64-linux-gnu/libtrilinos_noxepetra.so', needed by 'main4'.
make[2]: *** No rule to make target '/usr/lib/x86_64-linux-gnu/libtrilinos_noxlapack.so', needed by 'main4'.
make[2]: *** No rule to make target '/usr/lib/x86_64-linux-gnu/libtrilinos_nox.so', needed by 'main4'.
make[2]: *** No rule to make target '/usr/lib/x86_64-linux-gnu/libtrilinos_phalanx.so', needed by 'main4'.
make[2]: *** No rule to make target '/usr/lib/x86_64-linux-gnu/libtrilinos_intrepid2.so', needed by 'main4'.
make[2]: *** No rule to make target '/usr/lib/x86_64-linux-gnu/libtrilinos_intrepid.so', needed by 'main4'.
make[2]: *** No rule to make target '/usr/lib/x86_64-linux-gnu/libtrilinos_teko.so', needed by 'main4'.
make[2]: *** No rule to make target '/usr/lib/x86_64-linux-gnu/libtrilinos_stratimikos.so', needed by 'main4'.
make[2]: *** No rule to make target '/usr/lib/x86_64-linux-gnu/libtrilinos_stratimikosbelos.so', needed by 'main4'.
make[2]: *** No rule to make target '/usr/lib/x86_64-linux-gnu/libtrilinos_stratimikosamesos2.so', needed by 'main4'.
make[2]: *** No rule to make target '/usr/lib/x86_64-linux-gnu/libtrilinos_stratimikosaztecoo.so', needed by 'main4'.
make[2]: *** No rule to make target '/usr/lib/x86_64-linux-gnu/libtrilinos_stratimikosamesos.so', needed by 'main4'.
make[2]: *** No rule to make target '/usr/lib/x86_64-linux-gnu/libtrilinos_stratimikosml.so', needed by 'main4'.
make[2]: *** No rule to make target '/usr/lib/x86_64-linux-gnu/libtrilinos_stratimikosifpack.so', needed by 'main4'.
make[2]: *** No rule to make target '/usr/lib/x86_64-linux-gnu/libtrilinos_ifpack2-adapters.so', needed by 'main4'.
make[2]: *** No rule to make target '/usr/lib/x86_64-linux-gnu/libtrilinos_ifpack2.so', needed by 'main4'.
make[2]: *** No rule to make target '/usr/lib/x86_64-linux-gnu/libtrilinos_anasazitpetra.so', needed by 'main4'.
make[2]: *** No rule to make target '/usr/lib/x86_64-linux-gnu/libtrilinos_ModeLaplace.so', needed by 'main4'.
make[2]: *** No rule to make target '/usr/lib/x86_64-linux-gnu/libtrilinos_anasaziepetra.so', needed by 'main4'.
make[2]: *** No rule to make target '/usr/lib/x86_64-linux-gnu/libtrilinos_anasazi.so', needed by 'main4'.
make[2]: *** No rule to make target '/usr/lib/x86_64-linux-gnu/libtrilinos_komplex.so', needed by 'main4'.
make[2]: *** No rule to make target '/usr/lib/x86_64-linux-gnu/libtrilinos_amesos2.so', needed by 'main4'.
make[2]: *** No rule to make target '/usr/lib/x86_64-linux-gnu/libtrilinos_shylu_nodetacho.so', needed by 'main4'.
make[2]: *** No rule to make target '/usr/lib/x86_64-linux-gnu/libtrilinos_shylu_nodehts.so', needed by 'main4'.
make[2]: *** No rule to make target '/usr/lib/x86_64-linux-gnu/libtrilinos_belosxpetra.so', needed by 'main4'.
make[2]: *** No rule to make target '/usr/lib/x86_64-linux-gnu/libtrilinos_belostpetra.so', needed by 'main4'.
make[2]: *** No rule to make target '/usr/lib/x86_64-linux-gnu/libtrilinos_belosepetra.so', needed by 'main4'.
make[2]: *** No rule to make target '/usr/lib/x86_64-linux-gnu/libtrilinos_belos.so', needed by 'main4'.
make[2]: *** No rule to make target '/usr/lib/x86_64-linux-gnu/libtrilinos_ml.so', needed by 'main4'.
make[2]: *** No rule to make target '/usr/lib/x86_64-linux-gnu/libtrilinos_ifpack.so', needed by 'main4'.
make[2]: *** No rule to make target '/usr/lib/x86_64-linux-gnu/libtrilinos_zoltan2.so', needed by 'main4'.
make[2]: *** No rule to make target '/usr/lib/x86_64-linux-gnu/libtrilinos_pamgen_extras.so', needed by 'main4'.
make[2]: *** No rule to make target '/usr/lib/x86_64-linux-gnu/libtrilinos_pamgen.so', needed by 'main4'.
make[2]: *** No rule to make target '/usr/lib/x86_64-linux-gnu/libtrilinos_amesos.so', needed by 'main4'.
make[2]: *** No rule to make target '/usr/lib/x86_64-linux-gnu/libtrilinos_galeri-xpetra.so', needed by 'main4'.
make[2]: *** No rule to make target '/usr/lib/x86_64-linux-gnu/libtrilinos_galeri-epetra.so', needed by 'main4'.
make[2]: *** No rule to make target '/usr/lib/x86_64-linux-gnu/libtrilinos_aztecoo.so', needed by 'main4'.
make[2]: *** No rule to make target '/usr/lib/x86_64-linux-gnu/libtrilinos_dpliris.so', needed by 'main4'.
make[2]: *** No rule to make target '/usr/lib/x86_64-linux-gnu/libtrilinos_isorropia.so', needed by 'main4'.
make[2]: *** No rule to make target '/usr/lib/x86_64-linux-gnu/libtrilinos_optipack.so', needed by 'main4'.
make[2]: *** No rule to make target '/usr/lib/x86_64-linux-gnu/libtrilinos_xpetra-sup.so', needed by 'main4'.
make[2]: *** No rule to make target '/usr/lib/x86_64-linux-gnu/libtrilinos_xpetra.so', needed by 'main4'.
make[2]: *** No rule to make target '/usr/lib/x86_64-linux-gnu/libtrilinos_thyratpetra.so', needed by 'main4'.
make[2]: *** No rule to make target '/usr/lib/x86_64-linux-gnu/libtrilinos_thyraepetraext.so', needed by 'main4'.
make[2]: *** No rule to make target '/usr/lib/x86_64-linux-gnu/libtrilinos_thyraepetra.so', needed by 'main4'.
make[2]: *** No rule to make target '/usr/lib/x86_64-linux-gnu/libtrilinos_thyracore.so', needed by 'main4'.
make[2]: *** No rule to make target '/usr/lib/x86_64-linux-gnu/libtrilinos_epetraext.so', needed by 'main4'.
make[2]: *** No rule to make target '/usr/lib/x86_64-linux-gnu/libtrilinos_trilinosss.so', needed by 'main4'.
make[2]: *** No rule to make target '/usr/lib/x86_64-linux-gnu/libtrilinos_tpetraext.so', needed by 'main4'.
make[2]: *** No rule to make target '/usr/lib/x86_64-linux-gnu/libtrilinos_tpetrainout.so', needed by 'main4'.
make[2]: *** No rule to make target '/usr/lib/x86_64-linux-gnu/libtrilinos_tpetra.so', needed by 'main4'.
make[2]: *** No rule to make target '/usr/lib/x86_64-linux-gnu/libtrilinos_kokkostsqr.so', needed by 'main4'.
make[2]: *** No rule to make target '/usr/lib/x86_64-linux-gnu/libtrilinos_tpetraclassiclinalg.so', needed by 'main4'.
make[2]: *** No rule to make target '/usr/lib/x86_64-linux-gnu/libtrilinos_tpetraclassicnodeapi.so', needed by 'main4'.
make[2]: *** No rule to make target '/usr/lib/x86_64-linux-gnu/libtrilinos_tpetraclassic.so', needed by 'main4'.
make[2]: *** No rule to make target '/usr/lib/x86_64-linux-gnu/libtrilinos_triutils.so', needed by 'main4'.
make[2]: *** No rule to make target '/usr/lib/x86_64-linux-gnu/libtrilinos_globipack.so', needed by 'main4'.
make[2]: *** No rule to make target '/usr/lib/x86_64-linux-gnu/libtrilinos_shards.so', needed by 'main4'.
make[2]: *** No rule to make target '/usr/lib/x86_64-linux-gnu/libtrilinos_zoltan.so', needed by 'main4'.
make[2]: *** No rule to make target '/usr/lib/x86_64-linux-gnu/libtrilinos_epetra.so', needed by 'main4'.
make[2]: *** No rule to make target '/usr/lib/x86_64-linux-gnu/libtrilinos_sacado.so', needed by 'main4'.
make[2]: *** No rule to make target '/usr/lib/x86_64-linux-gnu/libtrilinos_rtop.so', needed by 'main4'.
make[2]: *** No rule to make target '/usr/lib/x86_64-linux-gnu/libtrilinos_kokkoskernels.so', needed by 'main4'.
make[2]: *** No rule to make target '/usr/lib/x86_64-linux-gnu/libtrilinos_teuchoskokkoscomm.so', needed by 'main4'.
make[2]: *** No rule to make target '/usr/lib/x86_64-linux-gnu/libtrilinos_teuchoskokkoscompat.so', needed by 'main4'.
make[2]: *** No rule to make target '/usr/lib/x86_64-linux-gnu/libtrilinos_teuchosremainder.so', needed by 'main4'.
make[2]: *** No rule to make target '/usr/lib/x86_64-linux-gnu/libtrilinos_teuchosnumerics.so', needed by 'main4'.
make[2]: *** No rule to make target '/usr/lib/x86_64-linux-gnu/libtrilinos_teuchoscomm.so', needed by 'main4'.
make[2]: *** No rule to make target '/usr/lib/x86_64-linux-gnu/libtrilinos_teuchosparameterlist.so', needed by 'main4'.
make[2]: *** No rule to make target '/usr/lib/x86_64-linux-gnu/libtrilinos_teuchosparser.so', needed by 'main4'.
make[2]: *** No rule to make target '/usr/lib/x86_64-linux-gnu/libtrilinos_teuchoscore.so', needed by 'main4'.
make[2]: *** No rule to make target '/usr/lib/x86_64-linux-gnu/libtrilinos_kokkosalgorithms.so', needed by 'main4'.
make[2]: *** No rule to make target '/usr/lib/x86_64-linux-gnu/libtrilinos_kokkoscontainers.so', needed by 'main4'.
make[2]: *** No rule to make target '/usr/lib/x86_64-linux-gnu/libtrilinos_kokkoscore.so', needed by 'main4'.
make[2]: *** No rule to make target '/usr/lib/x86_64-linux-gnu/libsmumps.so', needed by 'main4'.
make[2]: *** No rule to make target '/usr/lib/x86_64-linux-gnu/libdmumps.so', needed by 'main4'.
make[2]: *** No rule to make target '/usr/lib/x86_64-linux-gnu/libcmumps.so', needed by 'main4'.
make[2]: *** No rule to make target '/usr/lib/x86_64-linux-gnu/libzmumps.so', needed by 'main4'.
make[2]: *** No rule to make target '/usr/lib/x86_64-linux-gnu/libpord.so', needed by 'main4'.
make[2]: *** No rule to make target '/usr/lib/x86_64-linux-gnu/libmumps_common.so', needed by 'main4'.
make[2]: *** No rule to make target '/usr/lib/x86_64-linux-gnu/hdf5/openmpi/libhdf5.so', needed by 'main4'.
make[2]: *** No rule to make target '/usr/lib/x86_64-linux-gnu/libtbb.so', needed by 'main4'.
make[2]: *** No rule to make target '/usr/lib/x86_64-linux-gnu/libptscotch.so', needed by 'main4'.
make[2]: *** No rule to make target '/usr/lib/x86_64-linux-gnu/libptscotcherr.so', needed by 'main4'.
make[2]: *** No rule to make target '/usr/lib/x86_64-linux-gnu/libscotch.so', needed by 'main4'.
make[2]: *** No rule to make target '/usr/lib/x86_64-linux-gnu/libscotcherr.so', needed by 'main4'.
make[2]: *** No rule to make target '/usr/lib/x86_64-linux-gnu/libumfpack.so', needed by 'main4'.
make[2]: *** No rule to make target '/usr/lib/x86_64-linux-gnu/libcholmod.so', needed by 'main4'.
make[2]: *** No rule to make target '/usr/lib/x86_64-linux-gnu/libccolamd.so', needed by 'main4'.
make[2]: *** No rule to make target '/usr/lib/x86_64-linux-gnu/libcolamd.so', needed by 'main4'.
make[2]: *** No rule to make target '/usr/lib/x86_64-linux-gnu/libcamd.so', needed by 'main4'.
make[2]: *** No rule to make target '/usr/lib/x86_64-linux-gnu/libsuitesparseconfig.so', needed by 'main4'.
make[2]: *** No rule to make target '/usr/lib/x86_64-linux-gnu/libamd.so', needed by 'main4'.
make[2]: *** No rule to make target '/usr/lib/x86_64-linux-gnu/libmetis.so', needed by 'main4'.
make[2]: *** No rule to make target '/usr/lib/x86_64-linux-gnu/libadolc.so', needed by 'main4'.
make[2]: *** No rule to make target '/usr/lib/x86_64-linux-gnu/libparpack.so', needed by 'main4'.
make[2]: *** No rule to make target '/usr/lib/x86_64-linux-gnu/libarpack.so', needed by 'main4'.
make[2]: *** No rule to make target '/usr/lib/x86_64-linux-gnu/libassimp.so', needed by 'main4'.
make[2]: *** No rule to make target '/usr/lib/x86_64-linux-gnu/libgmsh.so', needed by 'main4'.
make[2]: *** No rule to make target '/usr/lib/x86_64-linux-gnu/libgsl.so', needed by 'main4'.
make[2]: *** No rule to make target '/usr/lib/x86_64-linux-gnu/libgslcblas.so', needed by 'main4'.
make[2]: *** No rule to make target '/usr/lib/x86_64-linux-gnu/hdf5/openmpi/lib/lib/libhdf5_hl.so', needed by 'main4'.
make[2]: *** No rule to make target '/usr/lib/x86_64-linux-gnu/hdf5/openmpi/lib/lib/libhdf5.so', needed by 'main4'.
make[2]: *** No rule to make target '/usr/lib/x86_64-linux-gnu/libmuparser.so', needed by 'main4'.
make[2]: *** No rule to make target '/usr/lib/x86_64-linux-gnu/libTKBO.so', needed by 'main4'.
make[2]: *** No rule to make target '/usr/lib/x86_64-linux-gnu/libTKBool.so', needed by 'main4'.
make[2]: *** No rule to make target '/usr/lib/x86_64-linux-gnu/libTKBRep.so', needed by 'main4'.
make[2]: *** No rule to make target '/usr/lib/x86_64-linux-gnu/libTKernel.so', needed by 'main4'.
make[2]: *** No rule to make target '/usr/lib/x86_64-linux-gnu/libTKFeat.so', needed by 'main4'.
make[2]: *** No rule to make target '/usr/lib/x86_64-linux-gnu/libTKFillet.so', needed by 'main4'.
make[2]: *** No rule to make target '/usr/lib/x86_64-linux-gnu/libTKG2d.so', needed by 'main4'.
make[2]: *** No rule to make target '/usr/lib/x86_64-linux-gnu/libTKG3d.so', needed by 'main4'.
make[2]: *** No rule to make target '/usr/lib/x86_64-linux-gnu/libTKGeomAlgo.so', needed by 'main4'.
make[2]: *** No rule to make target '/usr/lib/x86_64-linux-gnu/libTKGeomBase.so', needed by 'main4'.
make[2]: *** No rule to make target '/usr/lib/x86_64-linux-gnu/libTKHLR.so', needed by 'main4'.
make[2]: *** No rule to make target '/usr/lib/x86_64-linux-gnu/libTKIGES.so', needed by 'main4'.
make[2]: *** No rule to make target '/usr/lib/x86_64-linux-gnu/libTKMath.so', needed by 'main4'.
make[2]: *** No rule to make target '/usr/lib/x86_64-linux-gnu/libTKMesh.so', needed by 'main4'.
make[2]: *** No rule to make target '/usr/lib/x86_64-linux-gnu/libTKOffset.so', needed by 'main4'.
make[2]: *** No rule to make target '/usr/lib/x86_64-linux-gnu/libTKPrim.so', needed by 'main4'.
make[2]: *** No rule to make target '/usr/lib/x86_64-linux-gnu/libTKShHealing.so', needed by 'main4'.
make[2]: *** No rule to make target '/usr/lib/x86_64-linux-gnu/libTKSTEP.so', needed by 'main4'.
make[2]: *** No rule to make target '/usr/lib/x86_64-linux-gnu/libTKSTEPAttr.so', needed by 'main4'.
make[2]: *** No rule to make target '/usr/lib/x86_64-linux-gnu/libTKSTEPBase.so', needed by 'main4'.
make[2]: *** No rule to make target '/usr/lib/x86_64-linux-gnu/libTKSTEP209.so', needed by 'main4'.
make[2]: *** No rule to make target '/usr/lib/x86_64-linux-gnu/libTKSTL.so', needed by 'main4'.
make[2]: *** No rule to make target '/usr/lib/x86_64-linux-gnu/libTKTopAlgo.so', needed by 'main4'.
make[2]: *** No rule to make target '/usr/lib/x86_64-linux-gnu/libTKXSBase.so', needed by 'main4'.
make[2]: *** No rule to make target '/usr/lib/x86_64-linux-gnu/libp4est.so', needed by 'main4'.
make[2]: *** No rule to make target '/usr/lib/x86_64-linux-gnu/libsc.so', needed by 'main4'.
make[2]: *** No rule to make target '/usr/lib/x86_64-linux-gnu/libscalapack-openmpi.so', needed by 'main4'.
make[2]: *** No rule to make target '/usr/lib/x86_64-linux-gnu/libslepc.so', needed by 'main4'.
make[2]: *** No rule to make target '/usr/lib/x86_64-linux-gnu/libpetsc.so', needed by 'main4'.
make[2]: *** No rule to make target '/usr/lib/x86_64-linux-gnu/libsundials_idas.so', needed by 'main4'.
make[2]: *** No rule to make target '/usr/lib/x86_64-linux-gnu/libsundials_arkode.so', needed by 'main4'.
make[2]: *** No rule to make target '/usr/lib/x86_64-linux-gnu/libsundials_kinsol.so', needed by 'main4'.
make[2]: *** No rule to make target '/usr/lib/x86_64-linux-gnu/libsundials_nvecserial.so', needed by 'main4'.
make[2]: *** No rule to make target '/usr/lib/x86_64-linux-gnu/libsundials_nvecparallel.so', needed by 'main4'.
make[1]: *** [CMakeFiles/Makefile2:272: CMakeFiles/main4.dir/all] Error 2
make: *** [Makefile:84: all] Error 2

